The system is: Linux - 3.5.0-23-generic - i686
Compiling the C compiler identification source file "CMakeCCompilerId.c" succeeded.
Compiler: /usr/bin/gcc 
Build flags: 
Id flags: 

The output was:
0


Compilation of the C compiler identification source "CMakeCCompilerId.c" produced "a.out"

The C compiler identification is GNU, found in "/home/tk/MMDAI/zlib-src/build-release/CMakeFiles/CompilerIdC/a.out"

Determining if the C compiler works passed with the following output:
Change Dir: /home/tk/MMDAI/zlib-src/build-release/CMakeFiles/CMakeTmp

Run Build Command:/usr/bin/make "cmTryCompileExec3365563493/fast"
/usr/bin/make -f CMakeFiles/cmTryCompileExec3365563493.dir/build.make CMakeFiles/cmTryCompileExec3365563493.dir/build
make[1]: ディレクトリ `/home/tk/MMDAI/zlib-src/build-release/CMakeFiles/CMakeTmp' に入ります
/usr/bin/cmake -E cmake_progress_report /home/tk/MMDAI/zlib-src/build-release/CMakeFiles/CMakeTmp/CMakeFiles 1
Building C object CMakeFiles/cmTryCompileExec3365563493.dir/testCCompiler.c.o
/usr/bin/gcc    -o CMakeFiles/cmTryCompileExec3365563493.dir/testCCompiler.c.o   -c /home/tk/MMDAI/zlib-src/build-release/CMakeFiles/CMakeTmp/testCCompiler.c
Linking C executable cmTryCompileExec3365563493
/usr/bin/cmake -E cmake_link_script CMakeFiles/cmTryCompileExec3365563493.dir/link.txt --verbose=1
/usr/bin/gcc         CMakeFiles/cmTryCompileExec3365563493.dir/testCCompiler.c.o  -o cmTryCompileExec3365563493 -rdynamic 
make[1]: ディレクトリ `/home/tk/MMDAI/zlib-src/build-release/CMakeFiles/CMakeTmp' から出ます


Detecting C compiler ABI info compiled with the following output:
Change Dir: /home/tk/MMDAI/zlib-src/build-release/CMakeFiles/CMakeTmp

Run Build Command:/usr/bin/make "cmTryCompileExec1275467469/fast"
/usr/bin/make -f CMakeFiles/cmTryCompileExec1275467469.dir/build.make CMakeFiles/cmTryCompileExec1275467469.dir/build
make[1]: ディレクトリ `/home/tk/MMDAI/zlib-src/build-release/CMakeFiles/CMakeTmp' に入ります
/usr/bin/cmake -E cmake_progress_report /home/tk/MMDAI/zlib-src/build-release/CMakeFiles/CMakeTmp/CMakeFiles 1
Building C object CMakeFiles/cmTryCompileExec1275467469.dir/CMakeCCompilerABI.c.o
/usr/bin/gcc    -o CMakeFiles/cmTryCompileExec1275467469.dir/CMakeCCompilerABI.c.o   -c /usr/share/cmake-2.8/Modules/CMakeCCompilerABI.c
Linking C executable cmTryCompileExec1275467469
/usr/bin/cmake -E cmake_link_script CMakeFiles/cmTryCompileExec1275467469.dir/link.txt --verbose=1
/usr/bin/gcc       -v CMakeFiles/cmTryCompileExec1275467469.dir/CMakeCCompilerABI.c.o  -o cmTryCompileExec1275467469 -rdynamic  
組み込み spec を使用しています。
COLLECT_GCC=/usr/bin/gcc
COLLECT_LTO_WRAPPER=/usr/lib/gcc/i686-linux-gnu/4.7/lto-wrapper
ターゲット: i686-linux-gnu
configure 設定: ../src/configure -v --with-pkgversion='Ubuntu/Linaro 4.7.2-2ubuntu1' --with-bugurl=file:///usr/share/doc/gcc-4.7/README.Bugs --enable-languages=c,c++,go,fortran,objc,obj-c++ --prefix=/usr --program-suffix=-4.7 --enable-shared --enable-linker-build-id --with-system-zlib --libexecdir=/usr/lib --without-included-gettext --enable-threads=posix --with-gxx-include-dir=/usr/include/c++/4.7 --libdir=/usr/lib --enable-nls --with-sysroot=/ --enable-clocale=gnu --enable-libstdcxx-debug --enable-libstdcxx-time=yes --enable-gnu-unique-object --enable-plugin --enable-objc-gc --enable-targets=all --disable-werror --with-arch-32=i686 --with-tune=generic --enable-checking=release --build=i686-linux-gnu --host=i686-linux-gnu --target=i686-linux-gnu
スレッドモデル: posix
gcc バージョン 4.7.2 (Ubuntu/Linaro 4.7.2-2ubuntu1) 
COMPILER_PATH=/usr/lib/gcc/i686-linux-gnu/4.7/:/usr/lib/gcc/i686-linux-gnu/4.7/:/usr/lib/gcc/i686-linux-gnu/:/usr/lib/gcc/i686-linux-gnu/4.7/:/usr/lib/gcc/i686-linux-gnu/
LIBRARY_PATH=/usr/lib/gcc/i686-linux-gnu/4.7/:/usr/lib/gcc/i686-linux-gnu/4.7/../../../i386-linux-gnu/:/usr/lib/gcc/i686-linux-gnu/4.7/../../../../lib/:/lib/i386-linux-gnu/:/lib/../lib/:/usr/lib/i386-linux-gnu/:/usr/lib/../lib/:/usr/lib/gcc/i686-linux-gnu/4.7/../../../:/lib/:/usr/lib/
COLLECT_GCC_OPTIONS='-v' '-o' 'cmTryCompileExec1275467469' '-rdynamic' '-mtune=generic' '-march=i686'
 /usr/lib/gcc/i686-linux-gnu/4.7/collect2 --sysroot=/ --build-id --no-add-needed --as-needed --eh-frame-hdr -m elf_i386 --hash-style=gnu -export-dynamic -dynamic-linker /lib/ld-linux.so.2 -z relro -o cmTryCompileExec1275467469 /usr/lib/gcc/i686-linux-gnu/4.7/../../../i386-linux-gnu/crt1.o /usr/lib/gcc/i686-linux-gnu/4.7/../../../i386-linux-gnu/crti.o /usr/lib/gcc/i686-linux-gnu/4.7/crtbegin.o -L/usr/lib/gcc/i686-linux-gnu/4.7 -L/usr/lib/gcc/i686-linux-gnu/4.7/../../../i386-linux-gnu -L/usr/lib/gcc/i686-linux-gnu/4.7/../../../../lib -L/lib/i386-linux-gnu -L/lib/../lib -L/usr/lib/i386-linux-gnu -L/usr/lib/../lib -L/usr/lib/gcc/i686-linux-gnu/4.7/../../.. CMakeFiles/cmTryCompileExec1275467469.dir/CMakeCCompilerABI.c.o -lgcc --as-needed -lgcc_s --no-as-needed -lc -lgcc --as-needed -lgcc_s --no-as-needed /usr/lib/gcc/i686-linux-gnu/4.7/crtend.o /usr/lib/gcc/i686-linux-gnu/4.7/../../../i386-linux-gnu/crtn.o
make[1]: ディレクトリ `/home/tk/MMDAI/zlib-src/build-release/CMakeFiles/CMakeTmp' から出ます


Parsed C implicit link information from above output:
  link line regex: [^( *|.*[/\])(ld|ld|collect2)[^/\]*( |$)]
  ignore line: [Change Dir: /home/tk/MMDAI/zlib-src/build-release/CMakeFiles/CMakeTmp]
  ignore line: []
  ignore line: [Run Build Command:/usr/bin/make "cmTryCompileExec1275467469/fast"]
  ignore line: [/usr/bin/make -f CMakeFiles/cmTryCompileExec1275467469.dir/build.make CMakeFiles/cmTryCompileExec1275467469.dir/build]
  ignore line: [make[1]: ディレクトリ `/home/tk/MMDAI/zlib-src/build-release/CMakeFiles/CMakeTmp' に入ります]
  ignore line: [/usr/bin/cmake -E cmake_progress_report /home/tk/MMDAI/zlib-src/build-release/CMakeFiles/CMakeTmp/CMakeFiles 1]
  ignore line: [Building C object CMakeFiles/cmTryCompileExec1275467469.dir/CMakeCCompilerABI.c.o]
  ignore line: [/usr/bin/gcc    -o CMakeFiles/cmTryCompileExec1275467469.dir/CMakeCCompilerABI.c.o   -c /usr/share/cmake-2.8/Modules/CMakeCCompilerABI.c]
  ignore line: [Linking C executable cmTryCompileExec1275467469]
  ignore line: [/usr/bin/cmake -E cmake_link_script CMakeFiles/cmTryCompileExec1275467469.dir/link.txt --verbose=1]
  ignore line: [/usr/bin/gcc       -v CMakeFiles/cmTryCompileExec1275467469.dir/CMakeCCompilerABI.c.o  -o cmTryCompileExec1275467469 -rdynamic  ]
  ignore line: [組み込み spec を使用しています。]
  ignore line: [COLLECT_GCC=/usr/bin/gcc]
  ignore line: [COLLECT_LTO_WRAPPER=/usr/lib/gcc/i686-linux-gnu/4.7/lto-wrapper]
  ignore line: [ターゲット: i686-linux-gnu]
  ignore line: [configure 設定: ../src/configure -v --with-pkgversion='Ubuntu/Linaro 4.7.2-2ubuntu1' --with-bugurl=file:///usr/share/doc/gcc-4.7/README.Bugs --enable-languages=c,c++,go,fortran,objc,obj-c++ --prefix=/usr --program-suffix=-4.7 --enable-shared --enable-linker-build-id --with-system-zlib --libexecdir=/usr/lib --without-included-gettext --enable-threads=posix --with-gxx-include-dir=/usr/include/c++/4.7 --libdir=/usr/lib --enable-nls --with-sysroot=/ --enable-clocale=gnu --enable-libstdcxx-debug --enable-libstdcxx-time=yes --enable-gnu-unique-object --enable-plugin --enable-objc-gc --enable-targets=all --disable-werror --with-arch-32=i686 --with-tune=generic --enable-checking=release --build=i686-linux-gnu --host=i686-linux-gnu --target=i686-linux-gnu]
  ignore line: [スレッドモデル: posix]
  ignore line: [gcc バージョン 4.7.2 (Ubuntu/Linaro 4.7.2-2ubuntu1) ]
  ignore line: [COMPILER_PATH=/usr/lib/gcc/i686-linux-gnu/4.7/:/usr/lib/gcc/i686-linux-gnu/4.7/:/usr/lib/gcc/i686-linux-gnu/:/usr/lib/gcc/i686-linux-gnu/4.7/:/usr/lib/gcc/i686-linux-gnu/]
  ignore line: [LIBRARY_PATH=/usr/lib/gcc/i686-linux-gnu/4.7/:/usr/lib/gcc/i686-linux-gnu/4.7/../../../i386-linux-gnu/:/usr/lib/gcc/i686-linux-gnu/4.7/../../../../lib/:/lib/i386-linux-gnu/:/lib/../lib/:/usr/lib/i386-linux-gnu/:/usr/lib/../lib/:/usr/lib/gcc/i686-linux-gnu/4.7/../../../:/lib/:/usr/lib/]
  ignore line: [COLLECT_GCC_OPTIONS='-v' '-o' 'cmTryCompileExec1275467469' '-rdynamic' '-mtune=generic' '-march=i686']
  link line: [ /usr/lib/gcc/i686-linux-gnu/4.7/collect2 --sysroot=/ --build-id --no-add-needed --as-needed --eh-frame-hdr -m elf_i386 --hash-style=gnu -export-dynamic -dynamic-linker /lib/ld-linux.so.2 -z relro -o cmTryCompileExec1275467469 /usr/lib/gcc/i686-linux-gnu/4.7/../../../i386-linux-gnu/crt1.o /usr/lib/gcc/i686-linux-gnu/4.7/../../../i386-linux-gnu/crti.o /usr/lib/gcc/i686-linux-gnu/4.7/crtbegin.o -L/usr/lib/gcc/i686-linux-gnu/4.7 -L/usr/lib/gcc/i686-linux-gnu/4.7/../../../i386-linux-gnu -L/usr/lib/gcc/i686-linux-gnu/4.7/../../../../lib -L/lib/i386-linux-gnu -L/lib/../lib -L/usr/lib/i386-linux-gnu -L/usr/lib/../lib -L/usr/lib/gcc/i686-linux-gnu/4.7/../../.. CMakeFiles/cmTryCompileExec1275467469.dir/CMakeCCompilerABI.c.o -lgcc --as-needed -lgcc_s --no-as-needed -lc -lgcc --as-needed -lgcc_s --no-as-needed /usr/lib/gcc/i686-linux-gnu/4.7/crtend.o /usr/lib/gcc/i686-linux-gnu/4.7/../../../i386-linux-gnu/crtn.o]
    arg [/usr/lib/gcc/i686-linux-gnu/4.7/collect2] ==> ignore
    arg [--sysroot=/] ==> ignore
    arg [--build-id] ==> ignore
    arg [--no-add-needed] ==> ignore
    arg [--as-needed] ==> ignore
    arg [--eh-frame-hdr] ==> ignore
    arg [-m] ==> ignore
    arg [elf_i386] ==> ignore
    arg [--hash-style=gnu] ==> ignore
    arg [-export-dynamic] ==> ignore
    arg [-dynamic-linker] ==> ignore
    arg [/lib/ld-linux.so.2] ==> ignore
    arg [-zrelro] ==> ignore
    arg [-o] ==> ignore
    arg [cmTryCompileExec1275467469] ==> ignore
    arg [/usr/lib/gcc/i686-linux-gnu/4.7/../../../i386-linux-gnu/crt1.o] ==> ignore
    arg [/usr/lib/gcc/i686-linux-gnu/4.7/../../../i386-linux-gnu/crti.o] ==> ignore
    arg [/usr/lib/gcc/i686-linux-gnu/4.7/crtbegin.o] ==> ignore
    arg [-L/usr/lib/gcc/i686-linux-gnu/4.7] ==> dir [/usr/lib/gcc/i686-linux-gnu/4.7]
    arg [-L/usr/lib/gcc/i686-linux-gnu/4.7/../../../i386-linux-gnu] ==> dir [/usr/lib/gcc/i686-linux-gnu/4.7/../../../i386-linux-gnu]
    arg [-L/usr/lib/gcc/i686-linux-gnu/4.7/../../../../lib] ==> dir [/usr/lib/gcc/i686-linux-gnu/4.7/../../../../lib]
    arg [-L/lib/i386-linux-gnu] ==> dir [/lib/i386-linux-gnu]
    arg [-L/lib/../lib] ==> dir [/lib/../lib]
    arg [-L/usr/lib/i386-linux-gnu] ==> dir [/usr/lib/i386-linux-gnu]
    arg [-L/usr/lib/../lib] ==> dir [/usr/lib/../lib]
    arg [-L/usr/lib/gcc/i686-linux-gnu/4.7/../../..] ==> dir [/usr/lib/gcc/i686-linux-gnu/4.7/../../..]
    arg [CMakeFiles/cmTryCompileExec1275467469.dir/CMakeCCompilerABI.c.o] ==> ignore
    arg [-lgcc] ==> lib [gcc]
    arg [--as-needed] ==> ignore
    arg [-lgcc_s] ==> lib [gcc_s]
    arg [--no-as-needed] ==> ignore
    arg [-lc] ==> lib [c]
    arg [-lgcc] ==> lib [gcc]
    arg [--as-needed] ==> ignore
    arg [-lgcc_s] ==> lib [gcc_s]
    arg [--no-as-needed] ==> ignore
    arg [/usr/lib/gcc/i686-linux-gnu/4.7/crtend.o] ==> ignore
    arg [/usr/lib/gcc/i686-linux-gnu/4.7/../../../i386-linux-gnu/crtn.o] ==> ignore
  remove lib [gcc]
  remove lib [gcc_s]
  remove lib [gcc]
  remove lib [gcc_s]
  collapse dir [/usr/lib/gcc/i686-linux-gnu/4.7] ==> [/usr/lib/gcc/i686-linux-gnu/4.7]
  collapse dir [/usr/lib/gcc/i686-linux-gnu/4.7/../../../i386-linux-gnu] ==> [/usr/lib/i386-linux-gnu]
  collapse dir [/usr/lib/gcc/i686-linux-gnu/4.7/../../../../lib] ==> [/usr/lib]
  collapse dir [/lib/i386-linux-gnu] ==> [/lib/i386-linux-gnu]
  collapse dir [/lib/../lib] ==> [/lib]
  collapse dir [/usr/lib/i386-linux-gnu] ==> [/usr/lib/i386-linux-gnu]
  collapse dir [/usr/lib/../lib] ==> [/usr/lib]
  collapse dir [/usr/lib/gcc/i686-linux-gnu/4.7/../../..] ==> [/usr/lib]
  implicit libs: [c]
  implicit dirs: [/usr/lib/gcc/i686-linux-gnu/4.7;/usr/lib/i386-linux-gnu;/usr/lib;/lib/i386-linux-gnu;/lib]


Determining if the include file sys/types.h exists passed with the following output:
Change Dir: /home/tk/MMDAI/zlib-src/build-release/CMakeFiles/CMakeTmp

Run Build Command:/usr/bin/make "cmTryCompileExec1077035079/fast"
/usr/bin/make -f CMakeFiles/cmTryCompileExec1077035079.dir/build.make CMakeFiles/cmTryCompileExec1077035079.dir/build
make[1]: ディレクトリ `/home/tk/MMDAI/zlib-src/build-release/CMakeFiles/CMakeTmp' に入ります
/usr/bin/cmake -E cmake_progress_report /home/tk/MMDAI/zlib-src/build-release/CMakeFiles/CMakeTmp/CMakeFiles 1
Building C object CMakeFiles/cmTryCompileExec1077035079.dir/CheckIncludeFile.c.o
/usr/bin/gcc    -o CMakeFiles/cmTryCompileExec1077035079.dir/CheckIncludeFile.c.o   -c /home/tk/MMDAI/zlib-src/build-release/CMakeFiles/CMakeTmp/CheckIncludeFile.c
Linking C executable cmTryCompileExec1077035079
/usr/bin/cmake -E cmake_link_script CMakeFiles/cmTryCompileExec1077035079.dir/link.txt --verbose=1
/usr/bin/gcc         CMakeFiles/cmTryCompileExec1077035079.dir/CheckIncludeFile.c.o  -o cmTryCompileExec1077035079 -rdynamic 
make[1]: ディレクトリ `/home/tk/MMDAI/zlib-src/build-release/CMakeFiles/CMakeTmp' から出ます


Determining if the include file stdint.h exists passed with the following output:
Change Dir: /home/tk/MMDAI/zlib-src/build-release/CMakeFiles/CMakeTmp

Run Build Command:/usr/bin/make "cmTryCompileExec39396762/fast"
/usr/bin/make -f CMakeFiles/cmTryCompileExec39396762.dir/build.make CMakeFiles/cmTryCompileExec39396762.dir/build
make[1]: ディレクトリ `/home/tk/MMDAI/zlib-src/build-release/CMakeFiles/CMakeTmp' に入ります
/usr/bin/cmake -E cmake_progress_report /home/tk/MMDAI/zlib-src/build-release/CMakeFiles/CMakeTmp/CMakeFiles 1
Building C object CMakeFiles/cmTryCompileExec39396762.dir/CheckIncludeFile.c.o
/usr/bin/gcc    -o CMakeFiles/cmTryCompileExec39396762.dir/CheckIncludeFile.c.o   -c /home/tk/MMDAI/zlib-src/build-release/CMakeFiles/CMakeTmp/CheckIncludeFile.c
Linking C executable cmTryCompileExec39396762
/usr/bin/cmake -E cmake_link_script CMakeFiles/cmTryCompileExec39396762.dir/link.txt --verbose=1
/usr/bin/gcc         CMakeFiles/cmTryCompileExec39396762.dir/CheckIncludeFile.c.o  -o cmTryCompileExec39396762 -rdynamic 
make[1]: ディレクトリ `/home/tk/MMDAI/zlib-src/build-release/CMakeFiles/CMakeTmp' から出ます


Determining if the include file stddef.h exists passed with the following output:
Change Dir: /home/tk/MMDAI/zlib-src/build-release/CMakeFiles/CMakeTmp

Run Build Command:/usr/bin/make "cmTryCompileExec3469629833/fast"
/usr/bin/make -f CMakeFiles/cmTryCompileExec3469629833.dir/build.make CMakeFiles/cmTryCompileExec3469629833.dir/build
make[1]: ディレクトリ `/home/tk/MMDAI/zlib-src/build-release/CMakeFiles/CMakeTmp' に入ります
/usr/bin/cmake -E cmake_progress_report /home/tk/MMDAI/zlib-src/build-release/CMakeFiles/CMakeTmp/CMakeFiles 1
Building C object CMakeFiles/cmTryCompileExec3469629833.dir/CheckIncludeFile.c.o
/usr/bin/gcc    -o CMakeFiles/cmTryCompileExec3469629833.dir/CheckIncludeFile.c.o   -c /home/tk/MMDAI/zlib-src/build-release/CMakeFiles/CMakeTmp/CheckIncludeFile.c
Linking C executable cmTryCompileExec3469629833
/usr/bin/cmake -E cmake_link_script CMakeFiles/cmTryCompileExec3469629833.dir/link.txt --verbose=1
/usr/bin/gcc         CMakeFiles/cmTryCompileExec3469629833.dir/CheckIncludeFile.c.o  -o cmTryCompileExec3469629833 -rdynamic 
make[1]: ディレクトリ `/home/tk/MMDAI/zlib-src/build-release/CMakeFiles/CMakeTmp' から出ます


Determining size of off64_t passed with the following output:
Change Dir: /home/tk/MMDAI/zlib-src/build-release/CMakeFiles/CMakeTmp

Run Build Command:/usr/bin/make "cmTryCompileExec3260208564/fast"
/usr/bin/make -f CMakeFiles/cmTryCompileExec3260208564.dir/build.make CMakeFiles/cmTryCompileExec3260208564.dir/build
make[1]: ディレクトリ `/home/tk/MMDAI/zlib-src/build-release/CMakeFiles/CMakeTmp' に入ります
/usr/bin/cmake -E cmake_progress_report /home/tk/MMDAI/zlib-src/build-release/CMakeFiles/CMakeTmp/CMakeFiles 1
Building C object CMakeFiles/cmTryCompileExec3260208564.dir/OFF64_T.c.o
/usr/bin/gcc  -D_LARGEFILE64_SOURCE=1 -DHAVE_SYS_TYPES_H -DHAVE_STDINT_H -DHAVE_STDDEF_H  -o CMakeFiles/cmTryCompileExec3260208564.dir/OFF64_T.c.o   -c /home/tk/MMDAI/zlib-src/build-release/CMakeFiles/CheckTypeSize/OFF64_T.c
Linking C executable cmTryCompileExec3260208564
/usr/bin/cmake -E cmake_link_script CMakeFiles/cmTryCompileExec3260208564.dir/link.txt --verbose=1
/usr/bin/gcc         CMakeFiles/cmTryCompileExec3260208564.dir/OFF64_T.c.o  -o cmTryCompileExec3260208564 -rdynamic 
make[1]: ディレクトリ `/home/tk/MMDAI/zlib-src/build-release/CMakeFiles/CMakeTmp' から出ます


Determining if the function fseeko exists passed with the following output:
Change Dir: /home/tk/MMDAI/zlib-src/build-release/CMakeFiles/CMakeTmp

Run Build Command:/usr/bin/make "cmTryCompileExec2438173721/fast"
/usr/bin/make -f CMakeFiles/cmTryCompileExec2438173721.dir/build.make CMakeFiles/cmTryCompileExec2438173721.dir/build
make[1]: ディレクトリ `/home/tk/MMDAI/zlib-src/build-release/CMakeFiles/CMakeTmp' に入ります
/usr/bin/cmake -E cmake_progress_report /home/tk/MMDAI/zlib-src/build-release/CMakeFiles/CMakeTmp/CMakeFiles 1
Building C object CMakeFiles/cmTryCompileExec2438173721.dir/CheckFunctionExists.c.o
/usr/bin/gcc   -DCHECK_FUNCTION_EXISTS=fseeko   -o CMakeFiles/cmTryCompileExec2438173721.dir/CheckFunctionExists.c.o   -c /usr/share/cmake-2.8/Modules/CheckFunctionExists.c
Linking C executable cmTryCompileExec2438173721
/usr/bin/cmake -E cmake_link_script CMakeFiles/cmTryCompileExec2438173721.dir/link.txt --verbose=1
/usr/bin/gcc     -DCHECK_FUNCTION_EXISTS=fseeko    CMakeFiles/cmTryCompileExec2438173721.dir/CheckFunctionExists.c.o  -o cmTryCompileExec2438173721 -rdynamic 
make[1]: ディレクトリ `/home/tk/MMDAI/zlib-src/build-release/CMakeFiles/CMakeTmp' から出ます


Determining if the include file unistd.h exists passed with the following output:
Change Dir: /home/tk/MMDAI/zlib-src/build-release/CMakeFiles/CMakeTmp

Run Build Command:/usr/bin/make "cmTryCompileExec2753623682/fast"
/usr/bin/make -f CMakeFiles/cmTryCompileExec2753623682.dir/build.make CMakeFiles/cmTryCompileExec2753623682.dir/build
make[1]: ディレクトリ `/home/tk/MMDAI/zlib-src/build-release/CMakeFiles/CMakeTmp' に入ります
/usr/bin/cmake -E cmake_progress_report /home/tk/MMDAI/zlib-src/build-release/CMakeFiles/CMakeTmp/CMakeFiles 1
Building C object CMakeFiles/cmTryCompileExec2753623682.dir/CheckIncludeFile.c.o
/usr/bin/gcc    -o CMakeFiles/cmTryCompileExec2753623682.dir/CheckIncludeFile.c.o   -c /home/tk/MMDAI/zlib-src/build-release/CMakeFiles/CMakeTmp/CheckIncludeFile.c
Linking C executable cmTryCompileExec2753623682
/usr/bin/cmake -E cmake_link_script CMakeFiles/cmTryCompileExec2753623682.dir/link.txt --verbose=1
/usr/bin/gcc         CMakeFiles/cmTryCompileExec2753623682.dir/CheckIncludeFile.c.o  -o cmTryCompileExec2753623682 -rdynamic 
make[1]: ディレクトリ `/home/tk/MMDAI/zlib-src/build-release/CMakeFiles/CMakeTmp' から出ます


