The system is: Linux - 3.5.0-23-generic - i686
Compiling the C compiler identification source file "CMakeCCompilerId.c" succeeded.
Compiler: /usr/bin/gcc 
Build flags: 
Id flags: 

The output was:
0


Compilation of the C compiler identification source "CMakeCCompilerId.c" produced "a.out"

The C compiler identification is GNU, found in "/home/tk/MMDAI/bullet-src/build-release/CMakeFiles/CompilerIdC/a.out"

Compiling the CXX compiler identification source file "CMakeCXXCompilerId.cpp" succeeded.
Compiler: /usr/bin/c++ 
Build flags: -fvisibility=hidden;-fvisibility-inlines-hidden
Id flags: 

The output was:
0


Compilation of the CXX compiler identification source "CMakeCXXCompilerId.cpp" produced "a.out"

The CXX compiler identification is GNU, found in "/home/tk/MMDAI/bullet-src/build-release/CMakeFiles/CompilerIdCXX/a.out"

Determining if the C compiler works passed with the following output:
Change Dir: /home/tk/MMDAI/bullet-src/build-release/CMakeFiles/CMakeTmp

Run Build Command:/usr/bin/make "cmTryCompileExec1522051891/fast"
/usr/bin/make -f CMakeFiles/cmTryCompileExec1522051891.dir/build.make CMakeFiles/cmTryCompileExec1522051891.dir/build
make[1]: ディレクトリ `/home/tk/MMDAI/bullet-src/build-release/CMakeFiles/CMakeTmp' に入ります
/usr/bin/cmake -E cmake_progress_report /home/tk/MMDAI/bullet-src/build-release/CMakeFiles/CMakeTmp/CMakeFiles 1
Building C object CMakeFiles/cmTryCompileExec1522051891.dir/testCCompiler.c.o
/usr/bin/gcc    -o CMakeFiles/cmTryCompileExec1522051891.dir/testCCompiler.c.o   -c /home/tk/MMDAI/bullet-src/build-release/CMakeFiles/CMakeTmp/testCCompiler.c
Linking C executable cmTryCompileExec1522051891
/usr/bin/cmake -E cmake_link_script CMakeFiles/cmTryCompileExec1522051891.dir/link.txt --verbose=1
/usr/bin/gcc         CMakeFiles/cmTryCompileExec1522051891.dir/testCCompiler.c.o  -o cmTryCompileExec1522051891 -rdynamic 
make[1]: ディレクトリ `/home/tk/MMDAI/bullet-src/build-release/CMakeFiles/CMakeTmp' から出ます


Detecting C compiler ABI info compiled with the following output:
Change Dir: /home/tk/MMDAI/bullet-src/build-release/CMakeFiles/CMakeTmp

Run Build Command:/usr/bin/make "cmTryCompileExec3645652944/fast"
/usr/bin/make -f CMakeFiles/cmTryCompileExec3645652944.dir/build.make CMakeFiles/cmTryCompileExec3645652944.dir/build
make[1]: ディレクトリ `/home/tk/MMDAI/bullet-src/build-release/CMakeFiles/CMakeTmp' に入ります
/usr/bin/cmake -E cmake_progress_report /home/tk/MMDAI/bullet-src/build-release/CMakeFiles/CMakeTmp/CMakeFiles 1
Building C object CMakeFiles/cmTryCompileExec3645652944.dir/CMakeCCompilerABI.c.o
/usr/bin/gcc    -o CMakeFiles/cmTryCompileExec3645652944.dir/CMakeCCompilerABI.c.o   -c /usr/share/cmake-2.8/Modules/CMakeCCompilerABI.c
Linking C executable cmTryCompileExec3645652944
/usr/bin/cmake -E cmake_link_script CMakeFiles/cmTryCompileExec3645652944.dir/link.txt --verbose=1
/usr/bin/gcc       -v CMakeFiles/cmTryCompileExec3645652944.dir/CMakeCCompilerABI.c.o  -o cmTryCompileExec3645652944 -rdynamic  
組み込み spec を使用しています。
COLLECT_GCC=/usr/bin/gcc
COLLECT_LTO_WRAPPER=/usr/lib/gcc/i686-linux-gnu/4.7/lto-wrapper
ターゲット: i686-linux-gnu
configure 設定: ../src/configure -v --with-pkgversion='Ubuntu/Linaro 4.7.2-2ubuntu1' --with-bugurl=file:///usr/share/doc/gcc-4.7/README.Bugs --enable-languages=c,c++,go,fortran,objc,obj-c++ --prefix=/usr --program-suffix=-4.7 --enable-shared --enable-linker-build-id --with-system-zlib --libexecdir=/usr/lib --without-included-gettext --enable-threads=posix --with-gxx-include-dir=/usr/include/c++/4.7 --libdir=/usr/lib --enable-nls --with-sysroot=/ --enable-clocale=gnu --enable-libstdcxx-debug --enable-libstdcxx-time=yes --enable-gnu-unique-object --enable-plugin --enable-objc-gc --enable-targets=all --disable-werror --with-arch-32=i686 --with-tune=generic --enable-checking=release --build=i686-linux-gnu --host=i686-linux-gnu --target=i686-linux-gnu
スレッドモデル: posix
gcc バージョン 4.7.2 (Ubuntu/Linaro 4.7.2-2ubuntu1) 
COMPILER_PATH=/usr/lib/gcc/i686-linux-gnu/4.7/:/usr/lib/gcc/i686-linux-gnu/4.7/:/usr/lib/gcc/i686-linux-gnu/:/usr/lib/gcc/i686-linux-gnu/4.7/:/usr/lib/gcc/i686-linux-gnu/
LIBRARY_PATH=/usr/lib/gcc/i686-linux-gnu/4.7/:/usr/lib/gcc/i686-linux-gnu/4.7/../../../i386-linux-gnu/:/usr/lib/gcc/i686-linux-gnu/4.7/../../../../lib/:/lib/i386-linux-gnu/:/lib/../lib/:/usr/lib/i386-linux-gnu/:/usr/lib/../lib/:/usr/lib/gcc/i686-linux-gnu/4.7/../../../:/lib/:/usr/lib/
COLLECT_GCC_OPTIONS='-v' '-o' 'cmTryCompileExec3645652944' '-rdynamic' '-mtune=generic' '-march=i686'
 /usr/lib/gcc/i686-linux-gnu/4.7/collect2 --sysroot=/ --build-id --no-add-needed --as-needed --eh-frame-hdr -m elf_i386 --hash-style=gnu -export-dynamic -dynamic-linker /lib/ld-linux.so.2 -z relro -o cmTryCompileExec3645652944 /usr/lib/gcc/i686-linux-gnu/4.7/../../../i386-linux-gnu/crt1.o /usr/lib/gcc/i686-linux-gnu/4.7/../../../i386-linux-gnu/crti.o /usr/lib/gcc/i686-linux-gnu/4.7/crtbegin.o -L/usr/lib/gcc/i686-linux-gnu/4.7 -L/usr/lib/gcc/i686-linux-gnu/4.7/../../../i386-linux-gnu -L/usr/lib/gcc/i686-linux-gnu/4.7/../../../../lib -L/lib/i386-linux-gnu -L/lib/../lib -L/usr/lib/i386-linux-gnu -L/usr/lib/../lib -L/usr/lib/gcc/i686-linux-gnu/4.7/../../.. CMakeFiles/cmTryCompileExec3645652944.dir/CMakeCCompilerABI.c.o -lgcc --as-needed -lgcc_s --no-as-needed -lc -lgcc --as-needed -lgcc_s --no-as-needed /usr/lib/gcc/i686-linux-gnu/4.7/crtend.o /usr/lib/gcc/i686-linux-gnu/4.7/../../../i386-linux-gnu/crtn.o
make[1]: ディレクトリ `/home/tk/MMDAI/bullet-src/build-release/CMakeFiles/CMakeTmp' から出ます


Parsed C implicit link information from above output:
  link line regex: [^( *|.*[/\])(ld|ld|collect2)[^/\]*( |$)]
  ignore line: [Change Dir: /home/tk/MMDAI/bullet-src/build-release/CMakeFiles/CMakeTmp]
  ignore line: []
  ignore line: [Run Build Command:/usr/bin/make "cmTryCompileExec3645652944/fast"]
  ignore line: [/usr/bin/make -f CMakeFiles/cmTryCompileExec3645652944.dir/build.make CMakeFiles/cmTryCompileExec3645652944.dir/build]
  ignore line: [make[1]: ディレクトリ `/home/tk/MMDAI/bullet-src/build-release/CMakeFiles/CMakeTmp' に入ります]
  ignore line: [/usr/bin/cmake -E cmake_progress_report /home/tk/MMDAI/bullet-src/build-release/CMakeFiles/CMakeTmp/CMakeFiles 1]
  ignore line: [Building C object CMakeFiles/cmTryCompileExec3645652944.dir/CMakeCCompilerABI.c.o]
  ignore line: [/usr/bin/gcc    -o CMakeFiles/cmTryCompileExec3645652944.dir/CMakeCCompilerABI.c.o   -c /usr/share/cmake-2.8/Modules/CMakeCCompilerABI.c]
  ignore line: [Linking C executable cmTryCompileExec3645652944]
  ignore line: [/usr/bin/cmake -E cmake_link_script CMakeFiles/cmTryCompileExec3645652944.dir/link.txt --verbose=1]
  ignore line: [/usr/bin/gcc       -v CMakeFiles/cmTryCompileExec3645652944.dir/CMakeCCompilerABI.c.o  -o cmTryCompileExec3645652944 -rdynamic  ]
  ignore line: [組み込み spec を使用しています。]
  ignore line: [COLLECT_GCC=/usr/bin/gcc]
  ignore line: [COLLECT_LTO_WRAPPER=/usr/lib/gcc/i686-linux-gnu/4.7/lto-wrapper]
  ignore line: [ターゲット: i686-linux-gnu]
  ignore line: [configure 設定: ../src/configure -v --with-pkgversion='Ubuntu/Linaro 4.7.2-2ubuntu1' --with-bugurl=file:///usr/share/doc/gcc-4.7/README.Bugs --enable-languages=c,c++,go,fortran,objc,obj-c++ --prefix=/usr --program-suffix=-4.7 --enable-shared --enable-linker-build-id --with-system-zlib --libexecdir=/usr/lib --without-included-gettext --enable-threads=posix --with-gxx-include-dir=/usr/include/c++/4.7 --libdir=/usr/lib --enable-nls --with-sysroot=/ --enable-clocale=gnu --enable-libstdcxx-debug --enable-libstdcxx-time=yes --enable-gnu-unique-object --enable-plugin --enable-objc-gc --enable-targets=all --disable-werror --with-arch-32=i686 --with-tune=generic --enable-checking=release --build=i686-linux-gnu --host=i686-linux-gnu --target=i686-linux-gnu]
  ignore line: [スレッドモデル: posix]
  ignore line: [gcc バージョン 4.7.2 (Ubuntu/Linaro 4.7.2-2ubuntu1) ]
  ignore line: [COMPILER_PATH=/usr/lib/gcc/i686-linux-gnu/4.7/:/usr/lib/gcc/i686-linux-gnu/4.7/:/usr/lib/gcc/i686-linux-gnu/:/usr/lib/gcc/i686-linux-gnu/4.7/:/usr/lib/gcc/i686-linux-gnu/]
  ignore line: [LIBRARY_PATH=/usr/lib/gcc/i686-linux-gnu/4.7/:/usr/lib/gcc/i686-linux-gnu/4.7/../../../i386-linux-gnu/:/usr/lib/gcc/i686-linux-gnu/4.7/../../../../lib/:/lib/i386-linux-gnu/:/lib/../lib/:/usr/lib/i386-linux-gnu/:/usr/lib/../lib/:/usr/lib/gcc/i686-linux-gnu/4.7/../../../:/lib/:/usr/lib/]
  ignore line: [COLLECT_GCC_OPTIONS='-v' '-o' 'cmTryCompileExec3645652944' '-rdynamic' '-mtune=generic' '-march=i686']
  link line: [ /usr/lib/gcc/i686-linux-gnu/4.7/collect2 --sysroot=/ --build-id --no-add-needed --as-needed --eh-frame-hdr -m elf_i386 --hash-style=gnu -export-dynamic -dynamic-linker /lib/ld-linux.so.2 -z relro -o cmTryCompileExec3645652944 /usr/lib/gcc/i686-linux-gnu/4.7/../../../i386-linux-gnu/crt1.o /usr/lib/gcc/i686-linux-gnu/4.7/../../../i386-linux-gnu/crti.o /usr/lib/gcc/i686-linux-gnu/4.7/crtbegin.o -L/usr/lib/gcc/i686-linux-gnu/4.7 -L/usr/lib/gcc/i686-linux-gnu/4.7/../../../i386-linux-gnu -L/usr/lib/gcc/i686-linux-gnu/4.7/../../../../lib -L/lib/i386-linux-gnu -L/lib/../lib -L/usr/lib/i386-linux-gnu -L/usr/lib/../lib -L/usr/lib/gcc/i686-linux-gnu/4.7/../../.. CMakeFiles/cmTryCompileExec3645652944.dir/CMakeCCompilerABI.c.o -lgcc --as-needed -lgcc_s --no-as-needed -lc -lgcc --as-needed -lgcc_s --no-as-needed /usr/lib/gcc/i686-linux-gnu/4.7/crtend.o /usr/lib/gcc/i686-linux-gnu/4.7/../../../i386-linux-gnu/crtn.o]
    arg [/usr/lib/gcc/i686-linux-gnu/4.7/collect2] ==> ignore
    arg [--sysroot=/] ==> ignore
    arg [--build-id] ==> ignore
    arg [--no-add-needed] ==> ignore
    arg [--as-needed] ==> ignore
    arg [--eh-frame-hdr] ==> ignore
    arg [-m] ==> ignore
    arg [elf_i386] ==> ignore
    arg [--hash-style=gnu] ==> ignore
    arg [-export-dynamic] ==> ignore
    arg [-dynamic-linker] ==> ignore
    arg [/lib/ld-linux.so.2] ==> ignore
    arg [-zrelro] ==> ignore
    arg [-o] ==> ignore
    arg [cmTryCompileExec3645652944] ==> ignore
    arg [/usr/lib/gcc/i686-linux-gnu/4.7/../../../i386-linux-gnu/crt1.o] ==> ignore
    arg [/usr/lib/gcc/i686-linux-gnu/4.7/../../../i386-linux-gnu/crti.o] ==> ignore
    arg [/usr/lib/gcc/i686-linux-gnu/4.7/crtbegin.o] ==> ignore
    arg [-L/usr/lib/gcc/i686-linux-gnu/4.7] ==> dir [/usr/lib/gcc/i686-linux-gnu/4.7]
    arg [-L/usr/lib/gcc/i686-linux-gnu/4.7/../../../i386-linux-gnu] ==> dir [/usr/lib/gcc/i686-linux-gnu/4.7/../../../i386-linux-gnu]
    arg [-L/usr/lib/gcc/i686-linux-gnu/4.7/../../../../lib] ==> dir [/usr/lib/gcc/i686-linux-gnu/4.7/../../../../lib]
    arg [-L/lib/i386-linux-gnu] ==> dir [/lib/i386-linux-gnu]
    arg [-L/lib/../lib] ==> dir [/lib/../lib]
    arg [-L/usr/lib/i386-linux-gnu] ==> dir [/usr/lib/i386-linux-gnu]
    arg [-L/usr/lib/../lib] ==> dir [/usr/lib/../lib]
    arg [-L/usr/lib/gcc/i686-linux-gnu/4.7/../../..] ==> dir [/usr/lib/gcc/i686-linux-gnu/4.7/../../..]
    arg [CMakeFiles/cmTryCompileExec3645652944.dir/CMakeCCompilerABI.c.o] ==> ignore
    arg [-lgcc] ==> lib [gcc]
    arg [--as-needed] ==> ignore
    arg [-lgcc_s] ==> lib [gcc_s]
    arg [--no-as-needed] ==> ignore
    arg [-lc] ==> lib [c]
    arg [-lgcc] ==> lib [gcc]
    arg [--as-needed] ==> ignore
    arg [-lgcc_s] ==> lib [gcc_s]
    arg [--no-as-needed] ==> ignore
    arg [/usr/lib/gcc/i686-linux-gnu/4.7/crtend.o] ==> ignore
    arg [/usr/lib/gcc/i686-linux-gnu/4.7/../../../i386-linux-gnu/crtn.o] ==> ignore
  remove lib [gcc]
  remove lib [gcc_s]
  remove lib [gcc]
  remove lib [gcc_s]
  collapse dir [/usr/lib/gcc/i686-linux-gnu/4.7] ==> [/usr/lib/gcc/i686-linux-gnu/4.7]
  collapse dir [/usr/lib/gcc/i686-linux-gnu/4.7/../../../i386-linux-gnu] ==> [/usr/lib/i386-linux-gnu]
  collapse dir [/usr/lib/gcc/i686-linux-gnu/4.7/../../../../lib] ==> [/usr/lib]
  collapse dir [/lib/i386-linux-gnu] ==> [/lib/i386-linux-gnu]
  collapse dir [/lib/../lib] ==> [/lib]
  collapse dir [/usr/lib/i386-linux-gnu] ==> [/usr/lib/i386-linux-gnu]
  collapse dir [/usr/lib/../lib] ==> [/usr/lib]
  collapse dir [/usr/lib/gcc/i686-linux-gnu/4.7/../../..] ==> [/usr/lib]
  implicit libs: [c]
  implicit dirs: [/usr/lib/gcc/i686-linux-gnu/4.7;/usr/lib/i386-linux-gnu;/usr/lib;/lib/i386-linux-gnu;/lib]


Determining if the CXX compiler works passed with the following output:
Change Dir: /home/tk/MMDAI/bullet-src/build-release/CMakeFiles/CMakeTmp

Run Build Command:/usr/bin/make "cmTryCompileExec2282627667/fast"
/usr/bin/make -f CMakeFiles/cmTryCompileExec2282627667.dir/build.make CMakeFiles/cmTryCompileExec2282627667.dir/build
make[1]: ディレクトリ `/home/tk/MMDAI/bullet-src/build-release/CMakeFiles/CMakeTmp' に入ります
/usr/bin/cmake -E cmake_progress_report /home/tk/MMDAI/bullet-src/build-release/CMakeFiles/CMakeTmp/CMakeFiles 1
Building CXX object CMakeFiles/cmTryCompileExec2282627667.dir/testCXXCompiler.cxx.o
/usr/bin/c++    -fvisibility=hidden -fvisibility-inlines-hidden     -o CMakeFiles/cmTryCompileExec2282627667.dir/testCXXCompiler.cxx.o -c /home/tk/MMDAI/bullet-src/build-release/CMakeFiles/CMakeTmp/testCXXCompiler.cxx
Linking CXX executable cmTryCompileExec2282627667
/usr/bin/cmake -E cmake_link_script CMakeFiles/cmTryCompileExec2282627667.dir/link.txt --verbose=1
/usr/bin/c++    -fvisibility=hidden -fvisibility-inlines-hidden      CMakeFiles/cmTryCompileExec2282627667.dir/testCXXCompiler.cxx.o  -o cmTryCompileExec2282627667 -rdynamic 
make[1]: ディレクトリ `/home/tk/MMDAI/bullet-src/build-release/CMakeFiles/CMakeTmp' から出ます


Detecting CXX compiler ABI info compiled with the following output:
Change Dir: /home/tk/MMDAI/bullet-src/build-release/CMakeFiles/CMakeTmp

Run Build Command:/usr/bin/make "cmTryCompileExec3697592492/fast"
/usr/bin/make -f CMakeFiles/cmTryCompileExec3697592492.dir/build.make CMakeFiles/cmTryCompileExec3697592492.dir/build
make[1]: ディレクトリ `/home/tk/MMDAI/bullet-src/build-release/CMakeFiles/CMakeTmp' に入ります
/usr/bin/cmake -E cmake_progress_report /home/tk/MMDAI/bullet-src/build-release/CMakeFiles/CMakeTmp/CMakeFiles 1
Building CXX object CMakeFiles/cmTryCompileExec3697592492.dir/CMakeCXXCompilerABI.cpp.o
/usr/bin/c++    -fvisibility=hidden -fvisibility-inlines-hidden     -o CMakeFiles/cmTryCompileExec3697592492.dir/CMakeCXXCompilerABI.cpp.o -c /usr/share/cmake-2.8/Modules/CMakeCXXCompilerABI.cpp
Linking CXX executable cmTryCompileExec3697592492
/usr/bin/cmake -E cmake_link_script CMakeFiles/cmTryCompileExec3697592492.dir/link.txt --verbose=1
/usr/bin/c++    -fvisibility=hidden -fvisibility-inlines-hidden    -v CMakeFiles/cmTryCompileExec3697592492.dir/CMakeCXXCompilerABI.cpp.o  -o cmTryCompileExec3697592492 -rdynamic  
組み込み spec を使用しています。
COLLECT_GCC=/usr/bin/c++
COLLECT_LTO_WRAPPER=/usr/lib/gcc/i686-linux-gnu/4.7/lto-wrapper
ターゲット: i686-linux-gnu
configure 設定: ../src/configure -v --with-pkgversion='Ubuntu/Linaro 4.7.2-2ubuntu1' --with-bugurl=file:///usr/share/doc/gcc-4.7/README.Bugs --enable-languages=c,c++,go,fortran,objc,obj-c++ --prefix=/usr --program-suffix=-4.7 --enable-shared --enable-linker-build-id --with-system-zlib --libexecdir=/usr/lib --without-included-gettext --enable-threads=posix --with-gxx-include-dir=/usr/include/c++/4.7 --libdir=/usr/lib --enable-nls --with-sysroot=/ --enable-clocale=gnu --enable-libstdcxx-debug --enable-libstdcxx-time=yes --enable-gnu-unique-object --enable-plugin --enable-objc-gc --enable-targets=all --disable-werror --with-arch-32=i686 --with-tune=generic --enable-checking=release --build=i686-linux-gnu --host=i686-linux-gnu --target=i686-linux-gnu
スレッドモデル: posix
gcc バージョン 4.7.2 (Ubuntu/Linaro 4.7.2-2ubuntu1) 
COMPILER_PATH=/usr/lib/gcc/i686-linux-gnu/4.7/:/usr/lib/gcc/i686-linux-gnu/4.7/:/usr/lib/gcc/i686-linux-gnu/:/usr/lib/gcc/i686-linux-gnu/4.7/:/usr/lib/gcc/i686-linux-gnu/
LIBRARY_PATH=/usr/lib/gcc/i686-linux-gnu/4.7/:/usr/lib/gcc/i686-linux-gnu/4.7/../../../i386-linux-gnu/:/usr/lib/gcc/i686-linux-gnu/4.7/../../../../lib/:/lib/i386-linux-gnu/:/lib/../lib/:/usr/lib/i386-linux-gnu/:/usr/lib/../lib/:/usr/lib/gcc/i686-linux-gnu/4.7/../../../:/lib/:/usr/lib/
COLLECT_GCC_OPTIONS='-fvisibility=hidden' '-fvisibility-inlines-hidden' '-v' '-o' 'cmTryCompileExec3697592492' '-rdynamic' '-shared-libgcc' '-mtune=generic' '-march=i686'
 /usr/lib/gcc/i686-linux-gnu/4.7/collect2 --sysroot=/ --build-id --no-add-needed --as-needed --eh-frame-hdr -m elf_i386 --hash-style=gnu -export-dynamic -dynamic-linker /lib/ld-linux.so.2 -z relro -o cmTryCompileExec3697592492 /usr/lib/gcc/i686-linux-gnu/4.7/../../../i386-linux-gnu/crt1.o /usr/lib/gcc/i686-linux-gnu/4.7/../../../i386-linux-gnu/crti.o /usr/lib/gcc/i686-linux-gnu/4.7/crtbegin.o -L/usr/lib/gcc/i686-linux-gnu/4.7 -L/usr/lib/gcc/i686-linux-gnu/4.7/../../../i386-linux-gnu -L/usr/lib/gcc/i686-linux-gnu/4.7/../../../../lib -L/lib/i386-linux-gnu -L/lib/../lib -L/usr/lib/i386-linux-gnu -L/usr/lib/../lib -L/usr/lib/gcc/i686-linux-gnu/4.7/../../.. CMakeFiles/cmTryCompileExec3697592492.dir/CMakeCXXCompilerABI.cpp.o -lstdc++ -lm -lgcc_s -lgcc -lc -lgcc_s -lgcc /usr/lib/gcc/i686-linux-gnu/4.7/crtend.o /usr/lib/gcc/i686-linux-gnu/4.7/../../../i386-linux-gnu/crtn.o
make[1]: ディレクトリ `/home/tk/MMDAI/bullet-src/build-release/CMakeFiles/CMakeTmp' から出ます


Parsed CXX implicit link information from above output:
  link line regex: [^( *|.*[/\])(ld|ld|collect2)[^/\]*( |$)]
  ignore line: [Change Dir: /home/tk/MMDAI/bullet-src/build-release/CMakeFiles/CMakeTmp]
  ignore line: []
  ignore line: [Run Build Command:/usr/bin/make "cmTryCompileExec3697592492/fast"]
  ignore line: [/usr/bin/make -f CMakeFiles/cmTryCompileExec3697592492.dir/build.make CMakeFiles/cmTryCompileExec3697592492.dir/build]
  ignore line: [make[1]: ディレクトリ `/home/tk/MMDAI/bullet-src/build-release/CMakeFiles/CMakeTmp' に入ります]
  ignore line: [/usr/bin/cmake -E cmake_progress_report /home/tk/MMDAI/bullet-src/build-release/CMakeFiles/CMakeTmp/CMakeFiles 1]
  ignore line: [Building CXX object CMakeFiles/cmTryCompileExec3697592492.dir/CMakeCXXCompilerABI.cpp.o]
  ignore line: [/usr/bin/c++    -fvisibility=hidden -fvisibility-inlines-hidden     -o CMakeFiles/cmTryCompileExec3697592492.dir/CMakeCXXCompilerABI.cpp.o -c /usr/share/cmake-2.8/Modules/CMakeCXXCompilerABI.cpp]
  ignore line: [Linking CXX executable cmTryCompileExec3697592492]
  ignore line: [/usr/bin/cmake -E cmake_link_script CMakeFiles/cmTryCompileExec3697592492.dir/link.txt --verbose=1]
  ignore line: [/usr/bin/c++    -fvisibility=hidden -fvisibility-inlines-hidden    -v CMakeFiles/cmTryCompileExec3697592492.dir/CMakeCXXCompilerABI.cpp.o  -o cmTryCompileExec3697592492 -rdynamic  ]
  ignore line: [組み込み spec を使用しています。]
  ignore line: [COLLECT_GCC=/usr/bin/c++]
  ignore line: [COLLECT_LTO_WRAPPER=/usr/lib/gcc/i686-linux-gnu/4.7/lto-wrapper]
  ignore line: [ターゲット: i686-linux-gnu]
  ignore line: [configure 設定: ../src/configure -v --with-pkgversion='Ubuntu/Linaro 4.7.2-2ubuntu1' --with-bugurl=file:///usr/share/doc/gcc-4.7/README.Bugs --enable-languages=c,c++,go,fortran,objc,obj-c++ --prefix=/usr --program-suffix=-4.7 --enable-shared --enable-linker-build-id --with-system-zlib --libexecdir=/usr/lib --without-included-gettext --enable-threads=posix --with-gxx-include-dir=/usr/include/c++/4.7 --libdir=/usr/lib --enable-nls --with-sysroot=/ --enable-clocale=gnu --enable-libstdcxx-debug --enable-libstdcxx-time=yes --enable-gnu-unique-object --enable-plugin --enable-objc-gc --enable-targets=all --disable-werror --with-arch-32=i686 --with-tune=generic --enable-checking=release --build=i686-linux-gnu --host=i686-linux-gnu --target=i686-linux-gnu]
  ignore line: [スレッドモデル: posix]
  ignore line: [gcc バージョン 4.7.2 (Ubuntu/Linaro 4.7.2-2ubuntu1) ]
  ignore line: [COMPILER_PATH=/usr/lib/gcc/i686-linux-gnu/4.7/:/usr/lib/gcc/i686-linux-gnu/4.7/:/usr/lib/gcc/i686-linux-gnu/:/usr/lib/gcc/i686-linux-gnu/4.7/:/usr/lib/gcc/i686-linux-gnu/]
  ignore line: [LIBRARY_PATH=/usr/lib/gcc/i686-linux-gnu/4.7/:/usr/lib/gcc/i686-linux-gnu/4.7/../../../i386-linux-gnu/:/usr/lib/gcc/i686-linux-gnu/4.7/../../../../lib/:/lib/i386-linux-gnu/:/lib/../lib/:/usr/lib/i386-linux-gnu/:/usr/lib/../lib/:/usr/lib/gcc/i686-linux-gnu/4.7/../../../:/lib/:/usr/lib/]
  ignore line: [COLLECT_GCC_OPTIONS='-fvisibility=hidden' '-fvisibility-inlines-hidden' '-v' '-o' 'cmTryCompileExec3697592492' '-rdynamic' '-shared-libgcc' '-mtune=generic' '-march=i686']
  link line: [ /usr/lib/gcc/i686-linux-gnu/4.7/collect2 --sysroot=/ --build-id --no-add-needed --as-needed --eh-frame-hdr -m elf_i386 --hash-style=gnu -export-dynamic -dynamic-linker /lib/ld-linux.so.2 -z relro -o cmTryCompileExec3697592492 /usr/lib/gcc/i686-linux-gnu/4.7/../../../i386-linux-gnu/crt1.o /usr/lib/gcc/i686-linux-gnu/4.7/../../../i386-linux-gnu/crti.o /usr/lib/gcc/i686-linux-gnu/4.7/crtbegin.o -L/usr/lib/gcc/i686-linux-gnu/4.7 -L/usr/lib/gcc/i686-linux-gnu/4.7/../../../i386-linux-gnu -L/usr/lib/gcc/i686-linux-gnu/4.7/../../../../lib -L/lib/i386-linux-gnu -L/lib/../lib -L/usr/lib/i386-linux-gnu -L/usr/lib/../lib -L/usr/lib/gcc/i686-linux-gnu/4.7/../../.. CMakeFiles/cmTryCompileExec3697592492.dir/CMakeCXXCompilerABI.cpp.o -lstdc++ -lm -lgcc_s -lgcc -lc -lgcc_s -lgcc /usr/lib/gcc/i686-linux-gnu/4.7/crtend.o /usr/lib/gcc/i686-linux-gnu/4.7/../../../i386-linux-gnu/crtn.o]
    arg [/usr/lib/gcc/i686-linux-gnu/4.7/collect2] ==> ignore
    arg [--sysroot=/] ==> ignore
    arg [--build-id] ==> ignore
    arg [--no-add-needed] ==> ignore
    arg [--as-needed] ==> ignore
    arg [--eh-frame-hdr] ==> ignore
    arg [-m] ==> ignore
    arg [elf_i386] ==> ignore
    arg [--hash-style=gnu] ==> ignore
    arg [-export-dynamic] ==> ignore
    arg [-dynamic-linker] ==> ignore
    arg [/lib/ld-linux.so.2] ==> ignore
    arg [-zrelro] ==> ignore
    arg [-o] ==> ignore
    arg [cmTryCompileExec3697592492] ==> ignore
    arg [/usr/lib/gcc/i686-linux-gnu/4.7/../../../i386-linux-gnu/crt1.o] ==> ignore
    arg [/usr/lib/gcc/i686-linux-gnu/4.7/../../../i386-linux-gnu/crti.o] ==> ignore
    arg [/usr/lib/gcc/i686-linux-gnu/4.7/crtbegin.o] ==> ignore
    arg [-L/usr/lib/gcc/i686-linux-gnu/4.7] ==> dir [/usr/lib/gcc/i686-linux-gnu/4.7]
    arg [-L/usr/lib/gcc/i686-linux-gnu/4.7/../../../i386-linux-gnu] ==> dir [/usr/lib/gcc/i686-linux-gnu/4.7/../../../i386-linux-gnu]
    arg [-L/usr/lib/gcc/i686-linux-gnu/4.7/../../../../lib] ==> dir [/usr/lib/gcc/i686-linux-gnu/4.7/../../../../lib]
    arg [-L/lib/i386-linux-gnu] ==> dir [/lib/i386-linux-gnu]
    arg [-L/lib/../lib] ==> dir [/lib/../lib]
    arg [-L/usr/lib/i386-linux-gnu] ==> dir [/usr/lib/i386-linux-gnu]
    arg [-L/usr/lib/../lib] ==> dir [/usr/lib/../lib]
    arg [-L/usr/lib/gcc/i686-linux-gnu/4.7/../../..] ==> dir [/usr/lib/gcc/i686-linux-gnu/4.7/../../..]
    arg [CMakeFiles/cmTryCompileExec3697592492.dir/CMakeCXXCompilerABI.cpp.o] ==> ignore
    arg [-lstdc++] ==> lib [stdc++]
    arg [-lm] ==> lib [m]
    arg [-lgcc_s] ==> lib [gcc_s]
    arg [-lgcc] ==> lib [gcc]
    arg [-lc] ==> lib [c]
    arg [-lgcc_s] ==> lib [gcc_s]
    arg [-lgcc] ==> lib [gcc]
    arg [/usr/lib/gcc/i686-linux-gnu/4.7/crtend.o] ==> ignore
    arg [/usr/lib/gcc/i686-linux-gnu/4.7/../../../i386-linux-gnu/crtn.o] ==> ignore
  remove lib [gcc_s]
  remove lib [gcc]
  remove lib [gcc_s]
  remove lib [gcc]
  collapse dir [/usr/lib/gcc/i686-linux-gnu/4.7] ==> [/usr/lib/gcc/i686-linux-gnu/4.7]
  collapse dir [/usr/lib/gcc/i686-linux-gnu/4.7/../../../i386-linux-gnu] ==> [/usr/lib/i386-linux-gnu]
  collapse dir [/usr/lib/gcc/i686-linux-gnu/4.7/../../../../lib] ==> [/usr/lib]
  collapse dir [/lib/i386-linux-gnu] ==> [/lib/i386-linux-gnu]
  collapse dir [/lib/../lib] ==> [/lib]
  collapse dir [/usr/lib/i386-linux-gnu] ==> [/usr/lib/i386-linux-gnu]
  collapse dir [/usr/lib/../lib] ==> [/usr/lib]
  collapse dir [/usr/lib/gcc/i686-linux-gnu/4.7/../../..] ==> [/usr/lib]
  implicit libs: [stdc++;m;c]
  implicit dirs: [/usr/lib/gcc/i686-linux-gnu/4.7;/usr/lib/i386-linux-gnu;/usr/lib;/lib/i386-linux-gnu;/lib]


Determining if the function XOpenDisplay exists in the /usr/lib/i386-linux-gnu/libX11.so;/usr/lib/i386-linux-gnu/libXext.so passed with the following output:
Change Dir: /home/tk/MMDAI/bullet-src/build-release/CMakeFiles/CMakeTmp

Run Build Command:/usr/bin/make "cmTryCompileExec1501065719/fast"
/usr/bin/make -f CMakeFiles/cmTryCompileExec1501065719.dir/build.make CMakeFiles/cmTryCompileExec1501065719.dir/build
make[1]: ディレクトリ `/home/tk/MMDAI/bullet-src/build-release/CMakeFiles/CMakeTmp' に入ります
/usr/bin/cmake -E cmake_progress_report /home/tk/MMDAI/bullet-src/build-release/CMakeFiles/CMakeTmp/CMakeFiles 1
Building C object CMakeFiles/cmTryCompileExec1501065719.dir/CheckFunctionExists.c.o
/usr/bin/gcc   -DCHECK_FUNCTION_EXISTS=XOpenDisplay   -o CMakeFiles/cmTryCompileExec1501065719.dir/CheckFunctionExists.c.o   -c /usr/share/cmake-2.8/Modules/CheckFunctionExists.c
Linking C executable cmTryCompileExec1501065719
/usr/bin/cmake -E cmake_link_script CMakeFiles/cmTryCompileExec1501065719.dir/link.txt --verbose=1
/usr/bin/gcc     -DCHECK_FUNCTION_EXISTS=XOpenDisplay    CMakeFiles/cmTryCompileExec1501065719.dir/CheckFunctionExists.c.o  -o cmTryCompileExec1501065719 -rdynamic -lX11 -lXext 
make[1]: ディレクトリ `/home/tk/MMDAI/bullet-src/build-release/CMakeFiles/CMakeTmp' から出ます


Determining if the function gethostbyname exists passed with the following output:
Change Dir: /home/tk/MMDAI/bullet-src/build-release/CMakeFiles/CMakeTmp

Run Build Command:/usr/bin/make "cmTryCompileExec624325830/fast"
/usr/bin/make -f CMakeFiles/cmTryCompileExec624325830.dir/build.make CMakeFiles/cmTryCompileExec624325830.dir/build
make[1]: ディレクトリ `/home/tk/MMDAI/bullet-src/build-release/CMakeFiles/CMakeTmp' に入ります
/usr/bin/cmake -E cmake_progress_report /home/tk/MMDAI/bullet-src/build-release/CMakeFiles/CMakeTmp/CMakeFiles 1
Building C object CMakeFiles/cmTryCompileExec624325830.dir/CheckFunctionExists.c.o
/usr/bin/gcc   -DCHECK_FUNCTION_EXISTS=gethostbyname   -o CMakeFiles/cmTryCompileExec624325830.dir/CheckFunctionExists.c.o   -c /usr/share/cmake-2.8/Modules/CheckFunctionExists.c
Linking C executable cmTryCompileExec624325830
/usr/bin/cmake -E cmake_link_script CMakeFiles/cmTryCompileExec624325830.dir/link.txt --verbose=1
/usr/bin/gcc     -DCHECK_FUNCTION_EXISTS=gethostbyname    CMakeFiles/cmTryCompileExec624325830.dir/CheckFunctionExists.c.o  -o cmTryCompileExec624325830 -rdynamic 
make[1]: ディレクトリ `/home/tk/MMDAI/bullet-src/build-release/CMakeFiles/CMakeTmp' から出ます


Determining if the function connect exists passed with the following output:
Change Dir: /home/tk/MMDAI/bullet-src/build-release/CMakeFiles/CMakeTmp

Run Build Command:/usr/bin/make "cmTryCompileExec12990318/fast"
/usr/bin/make -f CMakeFiles/cmTryCompileExec12990318.dir/build.make CMakeFiles/cmTryCompileExec12990318.dir/build
make[1]: ディレクトリ `/home/tk/MMDAI/bullet-src/build-release/CMakeFiles/CMakeTmp' に入ります
/usr/bin/cmake -E cmake_progress_report /home/tk/MMDAI/bullet-src/build-release/CMakeFiles/CMakeTmp/CMakeFiles 1
Building C object CMakeFiles/cmTryCompileExec12990318.dir/CheckFunctionExists.c.o
/usr/bin/gcc   -DCHECK_FUNCTION_EXISTS=connect   -o CMakeFiles/cmTryCompileExec12990318.dir/CheckFunctionExists.c.o   -c /usr/share/cmake-2.8/Modules/CheckFunctionExists.c
Linking C executable cmTryCompileExec12990318
/usr/bin/cmake -E cmake_link_script CMakeFiles/cmTryCompileExec12990318.dir/link.txt --verbose=1
/usr/bin/gcc     -DCHECK_FUNCTION_EXISTS=connect    CMakeFiles/cmTryCompileExec12990318.dir/CheckFunctionExists.c.o  -o cmTryCompileExec12990318 -rdynamic 
make[1]: ディレクトリ `/home/tk/MMDAI/bullet-src/build-release/CMakeFiles/CMakeTmp' から出ます


Determining if the function remove exists passed with the following output:
Change Dir: /home/tk/MMDAI/bullet-src/build-release/CMakeFiles/CMakeTmp

Run Build Command:/usr/bin/make "cmTryCompileExec3275579496/fast"
/usr/bin/make -f CMakeFiles/cmTryCompileExec3275579496.dir/build.make CMakeFiles/cmTryCompileExec3275579496.dir/build
make[1]: ディレクトリ `/home/tk/MMDAI/bullet-src/build-release/CMakeFiles/CMakeTmp' に入ります
/usr/bin/cmake -E cmake_progress_report /home/tk/MMDAI/bullet-src/build-release/CMakeFiles/CMakeTmp/CMakeFiles 1
Building C object CMakeFiles/cmTryCompileExec3275579496.dir/CheckFunctionExists.c.o
/usr/bin/gcc   -DCHECK_FUNCTION_EXISTS=remove   -o CMakeFiles/cmTryCompileExec3275579496.dir/CheckFunctionExists.c.o   -c /usr/share/cmake-2.8/Modules/CheckFunctionExists.c
Linking C executable cmTryCompileExec3275579496
/usr/bin/cmake -E cmake_link_script CMakeFiles/cmTryCompileExec3275579496.dir/link.txt --verbose=1
/usr/bin/gcc     -DCHECK_FUNCTION_EXISTS=remove    CMakeFiles/cmTryCompileExec3275579496.dir/CheckFunctionExists.c.o  -o cmTryCompileExec3275579496 -rdynamic 
make[1]: ディレクトリ `/home/tk/MMDAI/bullet-src/build-release/CMakeFiles/CMakeTmp' から出ます


Determining if the function shmat exists passed with the following output:
Change Dir: /home/tk/MMDAI/bullet-src/build-release/CMakeFiles/CMakeTmp

Run Build Command:/usr/bin/make "cmTryCompileExec83049785/fast"
/usr/bin/make -f CMakeFiles/cmTryCompileExec83049785.dir/build.make CMakeFiles/cmTryCompileExec83049785.dir/build
make[1]: ディレクトリ `/home/tk/MMDAI/bullet-src/build-release/CMakeFiles/CMakeTmp' に入ります
/usr/bin/cmake -E cmake_progress_report /home/tk/MMDAI/bullet-src/build-release/CMakeFiles/CMakeTmp/CMakeFiles 1
Building C object CMakeFiles/cmTryCompileExec83049785.dir/CheckFunctionExists.c.o
/usr/bin/gcc   -DCHECK_FUNCTION_EXISTS=shmat   -o CMakeFiles/cmTryCompileExec83049785.dir/CheckFunctionExists.c.o   -c /usr/share/cmake-2.8/Modules/CheckFunctionExists.c
Linking C executable cmTryCompileExec83049785
/usr/bin/cmake -E cmake_link_script CMakeFiles/cmTryCompileExec83049785.dir/link.txt --verbose=1
/usr/bin/gcc     -DCHECK_FUNCTION_EXISTS=shmat    CMakeFiles/cmTryCompileExec83049785.dir/CheckFunctionExists.c.o  -o cmTryCompileExec83049785 -rdynamic 
make[1]: ディレクトリ `/home/tk/MMDAI/bullet-src/build-release/CMakeFiles/CMakeTmp' から出ます


Determining if the function IceConnectionNumber exists in the ICE passed with the following output:
Change Dir: /home/tk/MMDAI/bullet-src/build-release/CMakeFiles/CMakeTmp

Run Build Command:/usr/bin/make "cmTryCompileExec4210359071/fast"
/usr/bin/make -f CMakeFiles/cmTryCompileExec4210359071.dir/build.make CMakeFiles/cmTryCompileExec4210359071.dir/build
make[1]: ディレクトリ `/home/tk/MMDAI/bullet-src/build-release/CMakeFiles/CMakeTmp' に入ります
/usr/bin/cmake -E cmake_progress_report /home/tk/MMDAI/bullet-src/build-release/CMakeFiles/CMakeTmp/CMakeFiles 1
Building C object CMakeFiles/cmTryCompileExec4210359071.dir/CheckFunctionExists.c.o
/usr/bin/gcc   -DCHECK_FUNCTION_EXISTS=IceConnectionNumber   -o CMakeFiles/cmTryCompileExec4210359071.dir/CheckFunctionExists.c.o   -c /usr/share/cmake-2.8/Modules/CheckFunctionExists.c
Linking C executable cmTryCompileExec4210359071
/usr/bin/cmake -E cmake_link_script CMakeFiles/cmTryCompileExec4210359071.dir/link.txt --verbose=1
/usr/bin/gcc     -DCHECK_FUNCTION_EXISTS=IceConnectionNumber    CMakeFiles/cmTryCompileExec4210359071.dir/CheckFunctionExists.c.o  -o cmTryCompileExec4210359071 -rdynamic -lICE 
make[1]: ディレクトリ `/home/tk/MMDAI/bullet-src/build-release/CMakeFiles/CMakeTmp' から出ます


